<?xml version="1.0" encoding="utf-8"?><testsuites name="pytest tests"><testsuite name="pytest" errors="0" failures="0" skipped="0" tests="7" time="7.729" timestamp="2026-05-02T23:49:06.117804+00:00" hostname="agent-env-dcde7731-e7f2-425a-b263-02631e1b9238"><testcase classname="backend.tests.test_iter6" name="test_health_and_auth" time="1.498" /><testcase classname="backend.tests.test_iter6" name="test_create_order_auto_creates_freelance_artist" time="0.709" /><testcase classname="backend.tests.test_iter6" name="test_update_order_triggers_freelance_sync" time="0.980" /><testcase classname="backend.tests.test_iter6" name="test_create_order_with_blank_telegram_returns_200" time="0.215" /><testcase classname="backend.tests.test_iter6" name="test_earnings_returns_usd_base_with_rate" time="0.215" /><testcase classname="backend.tests.test_iter6" name="test_earnings_math_for_known_order" time="0.731" /><testcase classname="backend.tests.test_iter6" name="test_earnings_no_giant_negative_net" time="2.819" /></testsuite></testsuites>