<?xml version="1.0" encoding="utf-8"?><testsuites name="pytest tests"><testsuite name="pytest" errors="0" failures="0" skipped="0" tests="12" time="12.284" timestamp="2026-05-02T05:58:48.992166+00:00" hostname="agent-env-dcde7731-e7f2-425a-b263-02631e1b9238"><testcase classname="backend.tests.test_iter2.TestUsersList" name="test_list_users_admin_200" time="0.874" /><testcase classname="backend.tests.backend_test.TestAuthGating" name="test_health_root" time="0.403" /><testcase classname="backend.tests.backend_test.TestAuthGating" name="test_me_no_session_401" time="0.236" /><testcase classname="backend.tests.backend_test.TestAuthGating" name="test_orders_no_session_401" time="0.363" /><testcase classname="backend.tests.backend_test.TestAuthGating" name="test_me_with_session" time="0.292" /><testcase classname="backend.tests.backend_test.TestAuthGating" name="test_me_invalid_token_401" time="0.286" /><testcase classname="backend.tests.backend_test.TestOrders" name="test_list_orders_seeded" time="0.373" /><testcase classname="backend.tests.backend_test.TestOrders" name="test_create_get_update_delete_order" time="1.546" /><testcase classname="backend.tests.backend_test.TestOrders" name="test_update_nonexistent_404" time="0.268" /><testcase classname="backend.tests.backend_test.TestOrders" name="test_delete_nonexistent_404" time="0.209" /><testcase classname="backend.tests.backend_test.TestSeedIdempotency" name="test_seed_count_is_12" time="0.008" /><testcase classname="backend.tests.backend_test.TestWebSocket" name="test_ws_receives_create_update_delete" time="5.638" /></testsuite></testsuites>