<?xml version="1.0" encoding="utf-8"?><testsuites name="pytest tests"><testsuite name="pytest" errors="0" failures="0" skipped="0" tests="7" time="9.022" timestamp="2026-05-03T12:12:24.894909+00:00" hostname="agent-env-dcde7731-e7f2-425a-b263-02631e1b9238"><testcase classname="backend.tests.test_iter7" name="test_health_and_auth" time="0.823" /><testcase classname="backend.tests.test_iter7" name="test_create_order_auto_creates_freelance_project_linked" time="0.634" /><testcase classname="backend.tests.test_iter7" name="test_update_order_updates_project_preserves_pembayaran" time="1.764" /><testcase classname="backend.tests.test_iter7" name="test_settings_put_persists_telegram_templates" time="1.218" /><testcase classname="backend.tests.test_iter7" name="test_render_tg_template_fallback_on_bad_placeholder" time="1.120" /><testcase classname="backend.tests.test_iter7" name="test_earnings_by_platform_month_includes_custom_platform" time="0.430" /><testcase classname="backend.tests.test_iter7" name="test_earnings_usd_reasonable_regression" time="2.663" /></testsuite></testsuites>