<?xml version="1.0" encoding="utf-8"?><testsuites name="pytest tests"><testsuite name="pytest" errors="0" failures="0" skipped="0" tests="12" time="10.115" timestamp="2026-05-02T21:47:32.332480+00:00" hostname="agent-env-dcde7731-e7f2-425a-b263-02631e1b9238"><testcase classname="backend.tests.test_iter4_tier1.TestInvoices" name="test_invoice_full_flow" time="1.368" /><testcase classname="backend.tests.test_iter4_tier1.TestInvoices" name="test_invoice_next_per_klien_independent" time="0.720" /><testcase classname="backend.tests.test_iter4_tier1.TestInvoices" name="test_invoices_auth_required" time="0.864" /><testcase classname="backend.tests.test_iter4_tier1.TestNotify" name="test_notify_returns_400_when_telegram_unconfigured" time="3.155" /><testcase classname="backend.tests.test_iter4_tier1.TestNotify" name="test_notify_auth_required" time="0.607" /><testcase classname="backend.tests.test_iter4_tier1.TestExchangeRate" name="test_exchange_rate_persists" time="0.822" /><testcase classname="backend.tests.test_iter4_tier1.TestRegression" name="test_auth_me" time="0.179" /><testcase classname="backend.tests.test_iter4_tier1.TestRegression" name="test_orders_list" time="0.176" /><testcase classname="backend.tests.test_iter4_tier1.TestRegression" name="test_order_crud" time="0.705" /><testcase classname="backend.tests.test_iter4_tier1.TestRegression" name="test_earnings" time="0.230" /><testcase classname="backend.tests.test_iter4_tier1.TestRegression" name="test_freelance" time="0.186" /><testcase classname="backend.tests.test_iter4_tier1.TestRegression" name="test_artist_statuses_persisted" time="0.482" /></testsuite></testsuites>