<?xml version="1.0" encoding="utf-8"?><testsuites name="pytest tests"><testsuite name="pytest" errors="0" failures="1" skipped="0" tests="30" time="14.302" timestamp="2026-05-04T01:35:43.583358+00:00" hostname="agent-env-dcde7731-e7f2-425a-b263-02631e1b9238"><testcase classname="backend.tests.test_iter8be" name="test_admin_token_valid" time="0.347" /><testcase classname="backend.tests.test_iter8be" name="test_register_creates_pending_user" time="0.559" /><testcase classname="backend.tests.test_iter8be" name="test_login_blocked_when_pending" time="0.516" /><testcase classname="backend.tests.test_iter8be" name="test_admin_approves_user" time="0.195" /><testcase classname="backend.tests.test_iter8be" name="test_login_succeeds_after_approval" time="0.498" /><testcase classname="backend.tests.test_iter8be" name="test_logout_clears_session" time="0.272" /><testcase classname="backend.tests.test_iter8be" name="test_login_again_for_subsequent_tests" time="0.532" /><testcase classname="backend.tests.test_iter8be" name="test_invite_admin_creates_active_user" time="1.067" /><testcase classname="backend.tests.test_iter8be" name="test_invite_non_admin_rejected" time="0.320" /><testcase classname="backend.tests.test_iter8be" name="test_brute_force_429_after_5_fails" time="1.303"><failure message="AssertionError: {&quot;detail&quot;:&quot;Email atau password salah&quot;}&#10;assert 401 == 429&#10; +  where 401 = &lt;Response [401]&gt;.status_code">backend/tests/test_iter8be.py:132: in test_brute_force_429_after_5_fails
    assert r6.status_code == 429, r6.text
E   AssertionError: {"detail":"Email atau password salah"}
E   assert 401 == 429
E    +  where 401 = &lt;Response [401]&gt;.status_code</failure></testcase><testcase classname="backend.tests.test_iter8be" name="test_list_users_excludes_password_hash" time="0.219" /><testcase classname="backend.tests.test_iter8be" name="test_list_users_forbidden_for_talent" time="0.189" /><testcase classname="backend.tests.test_iter8be" name="test_patch_user_role_and_password" time="1.094" /><testcase classname="backend.tests.test_iter8be" name="test_patch_disabled_kills_sessions" time="0.906" /><testcase classname="backend.tests.test_iter8be" name="test_cannot_delete_self" time="0.199" /><testcase classname="backend.tests.test_iter8be" name="test_delete_user_kills_sessions" time="0.394" /><testcase classname="backend.tests.test_iter8be" name="test_get_tasks_today_auto_generates" time="0.232" /><testcase classname="backend.tests.test_iter8be" name="test_create_task_manually" time="0.236" /><testcase classname="backend.tests.test_iter8be" name="test_patch_task_pending_to_in_progress_sets_started_at" time="0.227" /><testcase classname="backend.tests.test_iter8be" name="test_patch_task_in_progress_to_done_sets_duration" time="1.403" /><testcase classname="backend.tests.test_iter8be" name="test_talent_cannot_patch_others_task" time="0.595" /><testcase classname="backend.tests.test_iter8be" name="test_delete_task_requires_admin_pm" time="0.613" /><testcase classname="backend.tests.test_iter8be" name="test_performance_endpoint_aggregates" time="0.193" /><testcase classname="backend.tests.test_iter8be" name="test_performance_no_month_filter_works" time="0.194" /><testcase classname="backend.tests.test_iter8be" name="test_orders_endpoint_still_works" time="0.195" /><testcase classname="backend.tests.test_iter8be" name="test_earnings_endpoint_still_works" time="0.199" /><testcase classname="backend.tests.test_iter8be" name="test_freelance_artists_still_works" time="0.199" /><testcase classname="backend.tests.test_iter8be" name="test_talent_can_view_orders" time="0.199" /><testcase classname="backend.tests.test_iter8be" name="test_talent_cannot_access_settings" time="0.193" /><testcase classname="backend.tests.test_iter8be" name="test_cleanup_iter8_users" time="0.413" /></testsuite></testsuites>