<?xml version="1.0" encoding="utf-8"?><testsuites name="pytest tests"><testsuite name="pytest" errors="0" failures="0" skipped="0" tests="14" time="6.358" timestamp="2026-05-05T08:25:15.147126+00:00" hostname="agent-env-dcde7731-e7f2-425a-b263-02631e1b9238"><testcase classname="backend.tests.test_iter11.TestCurrentWeek" name="test_current_week" time="1.499" /><testcase classname="backend.tests.test_iter11.TestDailyChatCRUD" name="test_01_create" time="0.233" /><testcase classname="backend.tests.test_iter11.TestDailyChatCRUD" name="test_02_list_by_week" time="0.059" /><testcase classname="backend.tests.test_iter11.TestDailyChatCRUD" name="test_03_filter_account_magsika_excludes" time="0.059" /><testcase classname="backend.tests.test_iter11.TestDailyChatCRUD" name="test_04_filter_status_followup_includes" time="0.151" /><testcase classname="backend.tests.test_iter11.TestDailyChatCRUD" name="test_05_patch_to_place_order" time="0.079" /><testcase classname="backend.tests.test_iter11.TestDailyChatCRUD" name="test_06_summary_reflects_closing_and_revenue" time="0.145" /><testcase classname="backend.tests.test_iter11.TestDailyChatCRUD" name="test_07_delete" time="0.056" /><testcase classname="backend.tests.test_iter11.TestDailyChatCRUD" name="test_08_get_after_delete_excludes" time="0.158" /><testcase classname="backend.tests.test_iter11.TestSettingsDC" name="test_settings_dc_roundtrip" time="0.558" /><testcase classname="backend.tests.test_iter11.TestRBAC" name="test_talent_get_forbidden" time="1.708" /><testcase classname="backend.tests.test_iter11.TestRBAC" name="test_talent_post_forbidden" time="0.053" /><testcase classname="backend.tests.test_iter11.TestRBAC" name="test_talent_summary_forbidden" time="0.054" /><testcase classname="backend.tests.test_iter11.TestRBAC" name="test_talent_current_week_forbidden" time="0.244" /></testsuite></testsuites>