<?xml version="1.0" encoding="utf-8"?><testsuites name="pytest tests"><testsuite name="pytest" errors="0" failures="0" skipped="0" tests="14" time="17.526" timestamp="2026-05-05T07:51:19.911090+00:00" hostname="agent-env-dcde7731-e7f2-425a-b263-02631e1b9238"><testcase classname="backend.tests.test_iter10.TestAuthMe" name="test_auth_me_admin" time="1.738" /><testcase classname="backend.tests.test_iter10.TestAuthMe" name="test_login_invalid" time="1.251" /><testcase classname="backend.tests.test_iter10.TestPerformance" name="test_performance_admin" time="0.204" /><testcase classname="backend.tests.test_iter10.TestPerformance" name="test_performance_talent_scope" time="2.060" /><testcase classname="backend.tests.test_iter10.TestFolderCodeUnique" name="test_post_duplicate_folder_code_rejected" time="1.506" /><testcase classname="backend.tests.test_iter10.TestFolderCodeUnique" name="test_put_duplicate_folder_code_rejected" time="2.131" /><testcase classname="backend.tests.test_iter10.TestTaskPauseResume" name="test_notes_update" time="0.309" /><testcase classname="backend.tests.test_iter10.TestTaskPauseResume" name="test_pause_resume_preserves_elapsed_seconds" time="4.687" /><testcase classname="backend.tests.test_iter10.TestTalentTaskRBAC" name="test_talent_can_update_status_on_any_task" time="0.282" /><testcase classname="backend.tests.test_iter10.TestTalentTaskRBAC" name="test_talent_can_update_notes_on_any_task" time="0.361" /><testcase classname="backend.tests.test_iter10.TestTalentTaskRBAC" name="test_talent_cannot_update_title" time="0.278" /><testcase classname="backend.tests.test_iter10.TestTalentTaskRBAC" name="test_talent_cannot_update_assignee" time="0.283" /><testcase classname="backend.tests.test_iter10.TestAdminTaskEdit" name="test_admin_edit_task_fields" time="0.483" /><testcase classname="backend.tests.test_iter10.TestTelegramThreadId" name="test_settings_accepts_thread_id" time="0.505" /></testsuite></testsuites>