<?xml version="1.0" encoding="utf-8"?><testsuites name="pytest tests"><testsuite name="pytest" errors="0" failures="0" skipped="0" tests="10" time="2.837" timestamp="2026-05-04T00:54:48.958749+00:00" hostname="agent-env-dcde7731-e7f2-425a-b263-02631e1b9238"><testcase classname="backend.tests.test_iter8.TestStatusPatch" name="test_patch_status_updates" time="0.828" /><testcase classname="backend.tests.test_iter8.TestStatusPatch" name="test_patch_status_404" time="0.008" /><testcase classname="backend.tests.test_iter8.TestArtistContribs" name="test_create_and_get_contribs" time="0.580" /><testcase classname="backend.tests.test_iter8.TestArtistContribs" name="test_update_contribs" time="0.582" /><testcase classname="backend.tests.test_iter8.TestArtistContribs" name="test_default_empty_contribs" time="0.580" /><testcase classname="backend.tests.test_iter8.TestImport" name="test_import_ok" time="0.021" /><testcase classname="backend.tests.test_iter8.TestImport" name="test_import_skip_incomplete" time="0.008" /><testcase classname="backend.tests.test_iter8.TestRegression" name="test_get_orders" time="0.006" /><testcase classname="backend.tests.test_iter8.TestRegression" name="test_get_earnings" time="0.009" /><testcase classname="backend.tests.test_iter8.TestRegression" name="test_get_freelance_artists" time="0.048" /></testsuite></testsuites>