<?xml version="1.0" encoding="utf-8"?><testsuites name="pytest tests"><testsuite name="pytest" errors="0" failures="0" skipped="0" tests="5" time="5.705" timestamp="2026-05-05T08:55:28.500839+00:00" hostname="agent-env-dcde7731-e7f2-425a-b263-02631e1b9238"><testcase classname="backend.tests.test_iter12.TestDcReminderHours" name="test_get_settings_has_dc_reminder_hours" time="1.634" /><testcase classname="backend.tests.test_iter12.TestDcReminderHours" name="test_put_settings_persists_dc_reminder_hours" time="0.326" /><testcase classname="backend.tests.test_iter12.TestDcTelegramTestEndpoint" name="test_no_dc_creds_returns_400" time="0.277" /><testcase classname="backend.tests.test_iter12.TestDcTelegramTestEndpoint" name="test_fake_creds_returns_400_from_telegram_failure" time="0.921" /><testcase classname="backend.tests.test_iter12.TestDcTelegramTestEndpoint" name="test_talent_forbidden" time="2.004" /></testsuite></testsuites>