<?xml version="1.0" encoding="utf-8"?><testsuites name="pytest tests"><testsuite name="pytest" errors="0" failures="0" skipped="0" tests="15" time="12.271" timestamp="2026-05-02T09:59:43.646281+00:00" hostname="agent-env-dcde7731-e7f2-425a-b263-02631e1b9238"><testcase classname="backend.tests.test_iter3.TestSeedData" name="test_12_seed_orders_with_new_fields" time="0.376" /><testcase classname="backend.tests.test_iter3.TestFolderCode" name="test_folder_code_format_and_seq" time="1.081" /><testcase classname="backend.tests.test_iter3.TestFolderCode" name="test_folder_code_regenerates_on_critical_change" time="0.696" /><testcase classname="backend.tests.test_iter3.TestEarnings" name="test_earnings_shape_and_april_totals" time="0.155" /><testcase classname="backend.tests.test_iter3.TestEarnings" name="test_earnings_auth_401" time="0.153" /><testcase classname="backend.tests.test_iter3.TestFreelance" name="test_freelance_shape_and_split" time="0.312" /><testcase classname="backend.tests.test_iter3.TestFreelance" name="test_freelance_auth_401" time="0.160" /><testcase classname="backend.tests.test_iter3.TestSettingsTelegram" name="test_settings_schema_has_telegram_not_fonnte" time="0.188" /><testcase classname="backend.tests.test_iter3.TestSettingsTelegram" name="test_settings_member_forbidden" time="0.170" /><testcase classname="backend.tests.test_iter3.TestSettingsTelegram" name="test_settings_no_auth_401" time="0.189" /><testcase classname="backend.tests.test_iter3.TestSettingsTelegram" name="test_put_settings_persists_telegram_fields" time="0.696" /><testcase classname="backend.tests.test_iter3.TestSettingsTelegram" name="test_test_telegram_missing_creds_returns_400" time="0.676" /><testcase classname="backend.tests.test_iter3.TestExpandedStatus" name="test_all_statuses_accepted" time="6.390" /><testcase classname="backend.tests.test_iter3.TestReminderInfra" name="test_reminder_loop_log_no_fonnte" time="0.003" /><testcase classname="backend.tests.test_iter3.TestReminderInfra" name="test_done_statuses_constant_imported" time="0.559" /></testsuite></testsuites>