<?xml version="1.0" encoding="utf-8"?><testsuites name="pytest tests"><testsuite name="pytest" errors="0" failures="0" skipped="0" tests="10" time="8.757" timestamp="2026-05-02T22:47:59.659965+00:00" hostname="agent-env-dcde7731-e7f2-425a-b263-02631e1b9238"><testcase classname="backend.tests.test_iter5" name="test_auth_me" time="1.236" /><testcase classname="backend.tests.test_iter5" name="test_settings_telegram_chat_id" time="0.200" /><testcase classname="backend.tests.test_iter5" name="test_weekly_default_and_upsert" time="0.497" /><testcase classname="backend.tests.test_iter5" name="test_weekly_default_when_truly_absent" time="0.068" /><testcase classname="backend.tests.test_iter5" name="test_artist_create_list_update" time="0.615" /><testcase classname="backend.tests.test_iter5" name="test_artist_no_mongo_id_leak" time="0.295" /><testcase classname="backend.tests.test_iter5" name="test_project_crud_and_filters" time="0.930" /><testcase classname="backend.tests.test_iter5" name="test_artist_delete_cascades_projects" time="0.960" /><testcase classname="backend.tests.test_iter5" name="test_regression_orders_earnings_freelance_invoices" time="0.553" /><testcase classname="backend.tests.test_iter5" name="test_invoices_next_klien" time="0.199" /></testsuite></testsuites>