<?xml version="1.0" encoding="utf-8"?><testsuites name="pytest tests"><testsuite name="pytest" errors="0" failures="0" skipped="0" tests="11" time="14.080" timestamp="2026-05-02T05:36:15.622712+00:00" hostname="agent-env-dcde7731-e7f2-425a-b263-02631e1b9238"><testcase classname="backend.tests.backend_test.TestAuthGating" name="test_health_root" time="0.527" /><testcase classname="backend.tests.backend_test.TestAuthGating" name="test_me_no_session_401" time="0.652" /><testcase classname="backend.tests.backend_test.TestAuthGating" name="test_orders_no_session_401" time="0.648" /><testcase classname="backend.tests.backend_test.TestAuthGating" name="test_me_with_session" time="0.395" /><testcase classname="backend.tests.backend_test.TestAuthGating" name="test_me_invalid_token_401" time="0.495" /><testcase classname="backend.tests.backend_test.TestOrders" name="test_list_orders_seeded" time="0.521" /><testcase classname="backend.tests.backend_test.TestOrders" name="test_create_get_update_delete_order" time="2.675" /><testcase classname="backend.tests.backend_test.TestOrders" name="test_update_nonexistent_404" time="0.332" /><testcase classname="backend.tests.backend_test.TestOrders" name="test_delete_nonexistent_404" time="0.289" /><testcase classname="backend.tests.backend_test.TestSeedIdempotency" name="test_seed_count_is_12" time="0.005" /><testcase classname="backend.tests.backend_test.TestWebSocket" name="test_ws_receives_create_update_delete" time="6.157" /></testsuite></testsuites>